New contact request via the website: Mark Nightingale
Mark Nightingale(mark.john.nightingale@gmail.com) has sent you a message: 

Subject: Test
Message: Test
=========================================
New contact request via the website: Mark Nightingale
Mark Nightingale(mark.john.nightingale@gmail.com) has sent you a message: 

Subject: Test
Message: Test
=========================================
New contact request via the website: Mark Nightingale
Mark Nightingale(mark.john.nightingale@gmail.com) has sent you a message: 

Subject: Test
Message: Test
=========================================
New contact request via the website: Mark Nightingale
Mark Nightingale(mark.john.nightingale@gmail.com) has sent you a message: 

Subject: Test with database
Message: Test with database
=========================================
New contact request via the website: Léa Ngo
Léa Ngo(lea.ngo@etu.unistra.fr) has sent you a message: 

Subject: Test after
Message: Next text
=========================================
